<?xml version="1.0" encoding="UTF-8"?>
<testng-results ignored="0" total="3" passed="2" failed="1" skipped="0">
  <reporter-output>
  </reporter-output>
  <suite started-at="2023-08-17T05:59:30 GMT" name="Suite" finished-at="2023-08-17T05:59:53 GMT" duration-ms="22714">
    <groups>
    </groups>
    <test started-at="2023-08-17T05:59:30 GMT" name="Test1" finished-at="2023-08-17T05:59:37 GMT" duration-ms="6770">
      <class name="testngscripts.SamoleOneTest">
        <test-method signature="searchCypressTest()[pri:0, instance:testngscripts.SamoleOneTest@74455848]" started-at="2023-08-17T05:59:30 GMT" name="searchCypressTest" finished-at="2023-08-17T05:59:37 GMT" duration-ms="6723" status="FAIL">
          <exception class="java.lang.AssertionError">
            <message>
              <![CDATA[expected [Cypresss Tutorial - Google Search] but found [Cypress Tutorial - Google Search]]]>
            </message>
            <full-stacktrace>
              <![CDATA[java.lang.AssertionError: expected [Cypresss Tutorial - Google Search] but found [Cypress Tutorial - Google Search]
at org.testng.Assert.fail(Assert.java:99)
at org.testng.Assert.failNotEquals(Assert.java:1037)
at org.testng.Assert.assertEqualsImpl(Assert.java:140)
at org.testng.Assert.assertEquals(Assert.java:122)
at org.testng.Assert.assertEquals(Assert.java:629)
at org.testng.Assert.assertEquals(Assert.java:639)
at testngscripts.SamoleOneTest.searchCypressTest(SamoleOneTest.java:28)
at java.base/jdk.internal.reflect.NativeMethodAccessorImpl.invoke0(Native Method)
at java.base/jdk.internal.reflect.NativeMethodAccessorImpl.invoke(NativeMethodAccessorImpl.java:78)
at java.base/jdk.internal.reflect.DelegatingMethodAccessorImpl.invoke(DelegatingMethodAccessorImpl.java:43)
at java.base/java.lang.reflect.Method.invoke(Method.java:567)
at org.testng.internal.MethodInvocationHelper.invokeMethod(MethodInvocationHelper.java:132)
at org.testng.internal.TestInvoker.invokeMethod(TestInvoker.java:599)
at org.testng.internal.TestInvoker.invokeTestMethod(TestInvoker.java:174)
at org.testng.internal.MethodRunner.runInSequence(MethodRunner.java:46)
at org.testng.internal.TestInvoker$MethodInvocationAgent.invoke(TestInvoker.java:822)
at org.testng.internal.TestInvoker.invokeTestMethods(TestInvoker.java:147)
at org.testng.internal.TestMethodWorker.invokeTestMethods(TestMethodWorker.java:146)
at org.testng.internal.TestMethodWorker.run(TestMethodWorker.java:128)
at java.base/java.util.ArrayList.forEach(ArrayList.java:1511)
at org.testng.TestRunner.privateRun(TestRunner.java:764)
at org.testng.TestRunner.run(TestRunner.java:585)
at org.testng.SuiteRunner.runTest(SuiteRunner.java:384)
at org.testng.SuiteRunner.runSequentially(SuiteRunner.java:378)
at org.testng.SuiteRunner.privateRun(SuiteRunner.java:337)
at org.testng.SuiteRunner.run(SuiteRunner.java:286)
at org.testng.SuiteRunnerWorker.runSuite(SuiteRunnerWorker.java:53)
at org.testng.SuiteRunnerWorker.run(SuiteRunnerWorker.java:96)
at org.testng.TestNG.runSuitesSequentially(TestNG.java:1218)
at org.testng.TestNG.runSuitesLocally(TestNG.java:1140)
at org.testng.TestNG.runSuites(TestNG.java:1069)
at org.testng.TestNG.run(TestNG.java:1037)
at org.testng.remote.AbstractRemoteTestNG.run(AbstractRemoteTestNG.java:115)
at org.testng.remote.RemoteTestNG.initAndRun(RemoteTestNG.java:251)
at org.testng.remote.RemoteTestNG.main(RemoteTestNG.java:77)
]]>
            </full-stacktrace>
          </exception> <!-- java.lang.AssertionError -->
          <reporter-output>
          </reporter-output>
        </test-method> <!-- searchCypressTest -->
      </class> <!-- testngscripts.SamoleOneTest -->
    </test> <!-- Test1 -->
    <test started-at="2023-08-17T05:59:37 GMT" name="Test2" finished-at="2023-08-17T05:59:53 GMT" duration-ms="15868">
      <class name="testngscripts.googlepagetest">
        <test-method signature="searchJavaTest()[pri:0, instance:testngscripts.googlepagetest@5f9b2141]" started-at="2023-08-17T05:59:37 GMT" name="searchJavaTest" finished-at="2023-08-17T05:59:45 GMT" duration-ms="7764" status="PASS">
          <reporter-output>
          </reporter-output>
        </test-method> <!-- searchJavaTest -->
        <test-method signature="searchJavaTestOne()[pri:0, instance:testngscripts.googlepagetest@5f9b2141]" started-at="2023-08-17T05:59:45 GMT" name="searchJavaTestOne" finished-at="2023-08-17T05:59:53 GMT" duration-ms="8098" status="PASS">
          <reporter-output>
          </reporter-output>
        </test-method> <!-- searchJavaTestOne -->
      </class> <!-- testngscripts.googlepagetest -->
    </test> <!-- Test2 -->
  </suite> <!-- Suite -->
</testng-results>
